Using pre-set license

 COMMAND LINE ARGUMENTS:
/Applications/Unity/Hub/Editor/2020.2.2f1/Unity.app/Contents/MacOS/Unity
-adb2
-batchMode
-noUpm
-name
AssetImportWorker0
-projectPath
/Users/joe_jenner_bailey/ARVR_coursework
-logFile
Logs/AssetImportWorker0.log
-srvPort
49884
Successfully changed project path to: /Users/joe_jenner_bailey/ARVR_coursework
/Users/joe_jenner_bailey/ARVR_coursework
Using Asset Import Pipeline V2.
Refreshing native plugins compatible for Editor in 51.61 ms, found 1 plugins.
Preloading 0 native plugins for Editor in 0.00 ms.
Initialize engine version: 2020.2.2f1 (068178b99f32)
[Subsystems] Discovering subsystems at path /Applications/Unity/Hub/Editor/2020.2.2f1/Unity.app/Contents/Resources/UnitySubsystems
[Subsystems] Discovering subsystems at path /Users/joe_jenner_bailey/ARVR_coursework/Assets
GfxDevice: creating device client; threaded=0
2021-05-20 03:03:07.326 Unity[1151:49240] 2757M preferred device: Intel HD Graphics 4000 (low power)
2021-05-20 03:03:07.326 Unity[1151:49240] Metal devices available: 1
2021-05-20 03:03:07.327 Unity[1151:49240] 0: Intel HD Graphics 4000 (low power)
2021-05-20 03:03:07.327 Unity[1151:49240] Using device Intel HD Graphics 4000 (low power)
Initializing Metal device caps: Intel HD Graphics 4000
Initialize mono
Mono path[0] = '/Applications/Unity/Hub/Editor/2020.2.2f1/Unity.app/Contents/Managed'
Mono path[1] = '/Applications/Unity/Hub/Editor/2020.2.2f1/Unity.app/Contents/MonoBleedingEdge/lib/mono/unityjit'
Mono config path = '/Applications/Unity/Hub/Editor/2020.2.2f1/Unity.app/Contents/MonoBleedingEdge/etc'
Using monoOptions --debugger-agent=transport=dt_socket,embedding=1,server=y,suspend=n,address=127.0.0.1:56151
Begin MonoManager ReloadAssembly
Registering precompiled unity dll's ...
Register platform support module: /Applications/Unity/Hub/Editor/2020.2.2f1/Unity.app/Contents/PlaybackEngines/MacStandaloneSupport/UnityEditor.OSXStandalone.Extensions.dll
Registered in 0.000903 seconds.
Native extension for OSXStandalone target not found
Refreshing native plugins compatible for Editor in 38.76 ms, found 1 plugins.
Preloading 0 native plugins for Editor in 0.00 ms.
Invoked RoslynAnalysisRunner static constructor.
RoslynAnalysisRunner will not be running.
RoslynAnalysisRunner has terminated.
Mono: successfully reloaded assembly
- Completed reload, in  4.156 seconds
Platform modules already initialized, skipping
Registering precompiled user dll's ...
Registered in 0.000582 seconds.
Begin MonoManager ReloadAssembly
Native extension for OSXStandalone target not found
Refreshing native plugins compatible for Editor in 0.55 ms, found 1 plugins.
Preloading 0 native plugins for Editor in 0.00 ms.
Invoked RoslynAnalysisRunner static constructor.
RoslynAnalysisRunner will not be running.
RoslynAnalysisRunner has terminated.
Mono: successfully reloaded assembly
- Completed reload, in  1.766 seconds
Platform modules already initialized, skipping
========================================================================
Worker process is ready to serve import requests
Launching external process: /Applications/Unity/Hub/Editor/2020.2.2f1/Unity.app/Contents/Tools/UnityShaderCompiler
Launched and connected shader compiler UnityShaderCompiler after 0.02 seconds
Refreshing native plugins compatible for Editor in 0.55 ms, found 1 plugins.
Preloading 0 native plugins for Editor in 0.00 ms.
Unloading 1104 Unused Serialized files (Serialized files now loaded: 0)
System memory in use before: 114.5 MB.
System memory in use after: 114.6 MB.

Unloading 8 unused Assets to reduce memory usage. Loaded Objects now: 1551.
Total: 4.495090 ms (FindLiveObjects: 1.346381 ms CreateObjectMapping: 0.138005 ms MarkObjects: 2.969720 ms  DeleteObjects: 0.034079 ms)

========================================================================
Received Import Request.
  path: Assets/Chromatic_Material.mat
  artifactKey: Guid(165efdde8f15f4b0c89a26edc9f43afb) Importer(815301076,1909f56bfc062723c751e8b465ee728b)
Start importing Assets/Chromatic_Material.mat using Guid(165efdde8f15f4b0c89a26edc9f43afb) Importer(815301076,1909f56bfc062723c751e8b465ee728b)  -> (artifact id: '172499b78c88e0025c8deded9e220a8a') in 1.379454 seconds
  Import took 1.386202 seconds .

========================================================================
Received Prepare
Refreshing native plugins compatible for Editor in 0.73 ms, found 1 plugins.
Preloading 0 native plugins for Editor in 0.00 ms.
Unloading 2 Unused Serialized files (Serialized files now loaded: 0)
System memory in use before: 104.4 MB.
System memory in use after: 104.5 MB.

Unloading 2 unused Assets to reduce memory usage. Loaded Objects now: 1591.
Total: 2.702434 ms (FindLiveObjects: 0.326162 ms CreateObjectMapping: 0.058430 ms MarkObjects: 2.294569 ms  DeleteObjects: 0.020205 ms)

========================================================================
Received Import Request.
  Time since last request: 782.277855 seconds.
  path: Assets/Chromatic_Material.mat
  artifactKey: Guid(165efdde8f15f4b0c89a26edc9f43afb) Importer(815301076,1909f56bfc062723c751e8b465ee728b)
Start importing Assets/Chromatic_Material.mat using Guid(165efdde8f15f4b0c89a26edc9f43afb) Importer(815301076,1909f56bfc062723c751e8b465ee728b)  -> (artifact id: '0564626eb363220915d99b715d52885b') in 0.051614 seconds
  Import took 0.054850 seconds .

========================================================================
Received Import Request.
  Time since last request: 400.491304 seconds.
  path: Assets/Resources/Shaders/Inv_Radial_Vert.shader
  artifactKey: Guid(c853c74ad005b4264b6789d91b4187e1) Importer(815301076,1909f56bfc062723c751e8b465ee728b)
Start importing Assets/Resources/Shaders/Inv_Radial_Vert.shader using Guid(c853c74ad005b4264b6789d91b4187e1) Importer(815301076,1909f56bfc062723c751e8b465ee728b)  -> (artifact id: '2a8aa86a49c6de4bbde3afe4acdcff66') in 0.980972 seconds
  Import took 0.983639 seconds .

========================================================================
Received Import Request.
  Time since last request: 286.998810 seconds.
  path: Assets/Resources/Shaders/Inv_Radial_Frag.shader
  artifactKey: Guid(58b9daa1177be4dea89e7a8b206e2309) Importer(815301076,1909f56bfc062723c751e8b465ee728b)
Start importing Assets/Resources/Shaders/Inv_Radial_Frag.shader using Guid(58b9daa1177be4dea89e7a8b206e2309) Importer(815301076,1909f56bfc062723c751e8b465ee728b)  -> (artifact id: '41b0954b7458857c32ddb96be6364517') in 0.004906 seconds
  Import took 0.007902 seconds .

========================================================================
Received Import Request.
  Time since last request: 2.816506 seconds.
  path: Assets/Resources/Shaders/Chromatic_Aberration.shader
  artifactKey: Guid(deb08da9aafe9446f8183452109b5517) Importer(815301076,1909f56bfc062723c751e8b465ee728b)
Start importing Assets/Resources/Shaders/Chromatic_Aberration.shader using Guid(deb08da9aafe9446f8183452109b5517) Importer(815301076,1909f56bfc062723c751e8b465ee728b)  -> (artifact id: '0324fc4d762d67a961121fe14cdf7fa6') in 0.006362 seconds
  Import took 0.008980 seconds .

========================================================================
Received Import Request.
  Time since last request: 27.077475 seconds.
  path: Assets/Resources/Shaders/Chromatic_Aberration.shader
  artifactKey: Guid(deb08da9aafe9446f8183452109b5517) Importer(815301076,1909f56bfc062723c751e8b465ee728b)
Start importing Assets/Resources/Shaders/Chromatic_Aberration.shader using Guid(deb08da9aafe9446f8183452109b5517) Importer(815301076,1909f56bfc062723c751e8b465ee728b)  -> (artifact id: '1f42cfdbd0a68053d2179b6dfcc68ad6') in 0.006177 seconds
  Import took 0.010311 seconds .

========================================================================
Received Prepare
Registering precompiled user dll's ...
Registered in 0.000644 seconds.
Begin MonoManager ReloadAssembly
Native extension for OSXStandalone target not found
Refreshing native plugins compatible for Editor in 0.29 ms, found 1 plugins.
Preloading 0 native plugins for Editor in 0.00 ms.
Invoked RoslynAnalysisRunner static constructor.
RoslynAnalysisRunner will not be running.
RoslynAnalysisRunner has terminated.
Mono: successfully reloaded assembly
- Completed reload, in  1.481 seconds
Platform modules already initialized, skipping
Refreshing native plugins compatible for Editor in 0.28 ms, found 1 plugins.
Preloading 0 native plugins for Editor in 0.00 ms.
Unloading 1094 Unused Serialized files (Serialized files now loaded: 0)
System memory in use before: 129.9 MB.
System memory in use after: 130.0 MB.

Unloading 4 unused Assets to reduce memory usage. Loaded Objects now: 1593.
Total: 2.739927 ms (FindLiveObjects: 0.331854 ms CreateObjectMapping: 0.058667 ms MarkObjects: 2.320084 ms  DeleteObjects: 0.026146 ms)

========================================================================
Received Prepare
Registering precompiled user dll's ...
Registered in 0.000639 seconds.
Begin MonoManager ReloadAssembly
Native extension for OSXStandalone target not found
Refreshing native plugins compatible for Editor in 0.55 ms, found 1 plugins.
Preloading 0 native plugins for Editor in 0.00 ms.
Invoked RoslynAnalysisRunner static constructor.
RoslynAnalysisRunner will not be running.
RoslynAnalysisRunner has terminated.
Mono: successfully reloaded assembly
- Completed reload, in  1.398 seconds
Platform modules already initialized, skipping
Refreshing native plugins compatible for Editor in 0.28 ms, found 1 plugins.
Preloading 0 native plugins for Editor in 0.00 ms.
Unloading 1094 Unused Serialized files (Serialized files now loaded: 0)
System memory in use before: 130.3 MB.
System memory in use after: 130.3 MB.

Unloading 4 unused Assets to reduce memory usage. Loaded Objects now: 1595.
Total: 2.066615 ms (FindLiveObjects: 0.235966 ms CreateObjectMapping: 0.050651 ms MarkObjects: 1.754155 ms  DeleteObjects: 0.023281 ms)

