Using pre-set license

 COMMAND LINE ARGUMENTS:
/Applications/Unity/Hub/Editor/2020.2.2f1/Unity.app/Contents/MacOS/Unity
-adb2
-batchMode
-noUpm
-name
AssetImportWorker0
-projectPath
/Users/joe_jenner_bailey/ARVR_coursework
-logFile
Logs/AssetImportWorker0.log
-srvPort
49288
Successfully changed project path to: /Users/joe_jenner_bailey/ARVR_coursework
/Users/joe_jenner_bailey/ARVR_coursework
Using Asset Import Pipeline V2.
Refreshing native plugins compatible for Editor in 42.89 ms, found 1 plugins.
Preloading 0 native plugins for Editor in 0.00 ms.
Initialize engine version: 2020.2.2f1 (068178b99f32)
[Subsystems] Discovering subsystems at path /Applications/Unity/Hub/Editor/2020.2.2f1/Unity.app/Contents/Resources/UnitySubsystems
[Subsystems] Discovering subsystems at path /Users/joe_jenner_bailey/ARVR_coursework/Assets
GfxDevice: creating device client; threaded=0
2021-05-19 23:03:26.679 Unity[582:6179] 2757M preferred device: Intel HD Graphics 4000 (low power)
2021-05-19 23:03:26.679 Unity[582:6179] Metal devices available: 1
2021-05-19 23:03:26.679 Unity[582:6179] 0: Intel HD Graphics 4000 (low power)
2021-05-19 23:03:26.679 Unity[582:6179] Using device Intel HD Graphics 4000 (low power)
Initializing Metal device caps: Intel HD Graphics 4000
Initialize mono
Mono path[0] = '/Applications/Unity/Hub/Editor/2020.2.2f1/Unity.app/Contents/Managed'
Mono path[1] = '/Applications/Unity/Hub/Editor/2020.2.2f1/Unity.app/Contents/MonoBleedingEdge/lib/mono/unityjit'
Mono config path = '/Applications/Unity/Hub/Editor/2020.2.2f1/Unity.app/Contents/MonoBleedingEdge/etc'
Using monoOptions --debugger-agent=transport=dt_socket,embedding=1,server=y,suspend=n,address=127.0.0.1:56582
Begin MonoManager ReloadAssembly
Registering precompiled unity dll's ...
Register platform support module: /Applications/Unity/Hub/Editor/2020.2.2f1/Unity.app/Contents/PlaybackEngines/MacStandaloneSupport/UnityEditor.OSXStandalone.Extensions.dll
Registered in 0.002078 seconds.
Native extension for OSXStandalone target not found
Refreshing native plugins compatible for Editor in 45.38 ms, found 1 plugins.
Preloading 0 native plugins for Editor in 0.00 ms.
Invoked RoslynAnalysisRunner static constructor.
RoslynAnalysisRunner will not be running.
RoslynAnalysisRunner has terminated.
Mono: successfully reloaded assembly
- Completed reload, in  8.808 seconds
Platform modules already initialized, skipping
Registering precompiled user dll's ...
Registered in 0.000535 seconds.
Begin MonoManager ReloadAssembly
Native extension for OSXStandalone target not found
Refreshing native plugins compatible for Editor in 0.27 ms, found 1 plugins.
Preloading 0 native plugins for Editor in 0.00 ms.
Invoked RoslynAnalysisRunner static constructor.
RoslynAnalysisRunner will not be running.
RoslynAnalysisRunner has terminated.
Mono: successfully reloaded assembly
- Completed reload, in  1.626 seconds
Platform modules already initialized, skipping
========================================================================
Worker process is ready to serve import requests
Launching external process: /Applications/Unity/Hub/Editor/2020.2.2f1/Unity.app/Contents/Tools/UnityShaderCompiler
Launched and connected shader compiler UnityShaderCompiler after 0.02 seconds
Refreshing native plugins compatible for Editor in 0.28 ms, found 1 plugins.
Preloading 0 native plugins for Editor in 0.00 ms.
Unloading 1104 Unused Serialized files (Serialized files now loaded: 0)
System memory in use before: 114.4 MB.
System memory in use after: 114.4 MB.

Unloading 8 unused Assets to reduce memory usage. Loaded Objects now: 1551.
Total: 2.925367 ms (FindLiveObjects: 0.350192 ms CreateObjectMapping: 0.072579 ms MarkObjects: 2.443844 ms  DeleteObjects: 0.056430 ms)

========================================================================
Received Import Request.
  path: Assets/Resources/Shaders/Inv_Radial_Vert.shader
  artifactKey: Guid(c853c74ad005b4264b6789d91b4187e1) Importer(815301076,1909f56bfc062723c751e8b465ee728b)
Start importing Assets/Resources/Shaders/Inv_Radial_Vert.shader using Guid(c853c74ad005b4264b6789d91b4187e1) Importer(815301076,1909f56bfc062723c751e8b465ee728b)  -> (artifact id: 'dfb3175325b2e413d221737e77207bcb') in 2.907254 seconds
  Import took 2.911216 seconds .

========================================================================
Received Import Request.
  Time since last request: 1421.534632 seconds.
  path: Assets/Resources/Shaders/Inv_Radial_Vert.shader
  artifactKey: Guid(c853c74ad005b4264b6789d91b4187e1) Importer(815301076,1909f56bfc062723c751e8b465ee728b)
Start importing Assets/Resources/Shaders/Inv_Radial_Vert.shader using Guid(c853c74ad005b4264b6789d91b4187e1) Importer(815301076,1909f56bfc062723c751e8b465ee728b)  -> (artifact id: '0fdb4cde55309ae180ac1e87f1756138') in 0.004808 seconds
  Import took 0.010904 seconds .

========================================================================
Received Import Request.
  Time since last request: 7.706188 seconds.
  path: Assets/Resources/Shaders/Inv_Radial_Vert.shader
  artifactKey: Guid(c853c74ad005b4264b6789d91b4187e1) Importer(815301076,1909f56bfc062723c751e8b465ee728b)
Start importing Assets/Resources/Shaders/Inv_Radial_Vert.shader using Guid(c853c74ad005b4264b6789d91b4187e1) Importer(815301076,1909f56bfc062723c751e8b465ee728b)  -> (artifact id: '321b59507b3149d311d7232b80e76f6f') in 0.004807 seconds
  Import took 0.010241 seconds .

========================================================================
Received Prepare
Registering precompiled user dll's ...
Registered in 0.000628 seconds.
Begin MonoManager ReloadAssembly
Native extension for OSXStandalone target not found
Refreshing native plugins compatible for Editor in 0.97 ms, found 1 plugins.
Preloading 0 native plugins for Editor in 0.00 ms.
Invoked RoslynAnalysisRunner static constructor.
RoslynAnalysisRunner will not be running.
RoslynAnalysisRunner has terminated.
Mono: successfully reloaded assembly
- Completed reload, in  1.563 seconds
Platform modules already initialized, skipping
Refreshing native plugins compatible for Editor in 0.33 ms, found 1 plugins.
Preloading 0 native plugins for Editor in 0.00 ms.
Unloading 1094 Unused Serialized files (Serialized files now loaded: 0)
System memory in use before: 119.6 MB.
System memory in use after: 119.7 MB.

Unloading 4 unused Assets to reduce memory usage. Loaded Objects now: 1553.
Total: 2.016241 ms (FindLiveObjects: 0.229115 ms CreateObjectMapping: 0.050980 ms MarkObjects: 1.700473 ms  DeleteObjects: 0.031879 ms)

========================================================================
Received Prepare
Registering precompiled user dll's ...
Registered in 0.000552 seconds.
Begin MonoManager ReloadAssembly
Native extension for OSXStandalone target not found
Refreshing native plugins compatible for Editor in 0.27 ms, found 1 plugins.
Preloading 0 native plugins for Editor in 0.00 ms.
Invoked RoslynAnalysisRunner static constructor.
RoslynAnalysisRunner will not be running.
RoslynAnalysisRunner has terminated.
Mono: successfully reloaded assembly
- Completed reload, in  1.412 seconds
Platform modules already initialized, skipping
Refreshing native plugins compatible for Editor in 0.33 ms, found 1 plugins.
Preloading 0 native plugins for Editor in 0.00 ms.
Unloading 1094 Unused Serialized files (Serialized files now loaded: 0)
System memory in use before: 120.0 MB.
System memory in use after: 120.1 MB.

Unloading 4 unused Assets to reduce memory usage. Loaded Objects now: 1555.
Total: 2.960863 ms (FindLiveObjects: 0.383852 ms CreateObjectMapping: 0.177324 ms MarkObjects: 2.370835 ms  DeleteObjects: 0.026159 ms)

========================================================================
Received Import Request.
  Time since last request: 4452.063537 seconds.
  path: Assets/Resources/Shaders/Inv_Radial_Frag.shader
  artifactKey: Guid(58b9daa1177be4dea89e7a8b206e2309) Importer(815301076,1909f56bfc062723c751e8b465ee728b)
Start importing Assets/Resources/Shaders/Inv_Radial_Frag.shader using Guid(58b9daa1177be4dea89e7a8b206e2309) Importer(815301076,1909f56bfc062723c751e8b465ee728b)  -> (artifact id: '30dfd119f357e919a801bbb7590a01d3') in 0.030483 seconds
  Import took 0.034007 seconds .

========================================================================
Received Import Request.
  Time since last request: 189.560309 seconds.
  path: Assets/Resources/Shaders/Inv_Radial_Frag.shader
  artifactKey: Guid(58b9daa1177be4dea89e7a8b206e2309) Importer(815301076,1909f56bfc062723c751e8b465ee728b)
Start importing Assets/Resources/Shaders/Inv_Radial_Frag.shader using Guid(58b9daa1177be4dea89e7a8b206e2309) Importer(815301076,1909f56bfc062723c751e8b465ee728b)  -> (artifact id: '3d1868858e2d27c3f9438788ee382b49') in 0.003147 seconds
  Import took 0.007593 seconds .

========================================================================
Received Import Request.
  Time since last request: 0.009761 seconds.
  path: Assets/Resources/Shaders/Inv_Radial_Frag.shader
  artifactKey: Guid(58b9daa1177be4dea89e7a8b206e2309) Importer(815301076,1909f56bfc062723c751e8b465ee728b)
Start importing Assets/Resources/Shaders/Inv_Radial_Frag.shader using Guid(58b9daa1177be4dea89e7a8b206e2309) Importer(815301076,1909f56bfc062723c751e8b465ee728b)  -> (artifact id: '3d1868858e2d27c3f9438788ee382b49') in 0.003144 seconds
  Import took 0.007256 seconds .

========================================================================
Received Prepare
Registering precompiled user dll's ...
Registered in 0.000568 seconds.
Begin MonoManager ReloadAssembly
Native extension for OSXStandalone target not found
Refreshing native plugins compatible for Editor in 0.27 ms, found 1 plugins.
Preloading 0 native plugins for Editor in 0.00 ms.
Invoked RoslynAnalysisRunner static constructor.
RoslynAnalysisRunner will not be running.
RoslynAnalysisRunner has terminated.
Mono: successfully reloaded assembly
- Completed reload, in  1.342 seconds
Platform modules already initialized, skipping
Refreshing native plugins compatible for Editor in 0.26 ms, found 1 plugins.
Preloading 0 native plugins for Editor in 0.00 ms.
Unloading 1094 Unused Serialized files (Serialized files now loaded: 0)
System memory in use before: 120.1 MB.
System memory in use after: 120.2 MB.

Unloading 4 unused Assets to reduce memory usage. Loaded Objects now: 1557.
Total: 2.299392 ms (FindLiveObjects: 0.248018 ms CreateObjectMapping: 0.049392 ms MarkObjects: 1.953469 ms  DeleteObjects: 0.022084 ms)

========================================================================
Received Prepare
Registering precompiled user dll's ...
Registered in 0.000549 seconds.
Begin MonoManager ReloadAssembly
Native extension for OSXStandalone target not found
Refreshing native plugins compatible for Editor in 0.28 ms, found 1 plugins.
Preloading 0 native plugins for Editor in 0.00 ms.
Invoked RoslynAnalysisRunner static constructor.
RoslynAnalysisRunner will not be running.
RoslynAnalysisRunner has terminated.
Mono: successfully reloaded assembly
- Completed reload, in  1.327 seconds
Platform modules already initialized, skipping
Refreshing native plugins compatible for Editor in 0.30 ms, found 1 plugins.
Preloading 0 native plugins for Editor in 0.00 ms.
Unloading 1094 Unused Serialized files (Serialized files now loaded: 0)
System memory in use before: 120.3 MB.
System memory in use after: 120.4 MB.

Unloading 4 unused Assets to reduce memory usage. Loaded Objects now: 1559.
Total: 2.236142 ms (FindLiveObjects: 0.256778 ms CreateObjectMapping: 0.058014 ms MarkObjects: 1.889511 ms  DeleteObjects: 0.029049 ms)

